2020-05-16 13:05:30,390 [Worker-2] INFO  c.g.t.t.d.PublishedGradleVersions - Gradle version information cache is up-to-date. Trying to read.
2020-05-16 13:06:34,304 [Worker-1] INFO  o.e.m.c.i.e.AbstractTransferListenerAdapter - Downloading https://repo.maven.apache.org/maven2/org/apache/maven/plugins/maven-clean-plugin/3.1.0/maven-clean-plugin-3.1.0.jar
2020-05-16 13:06:34,956 [Worker-1] INFO  o.e.m.c.i.e.AbstractTransferListenerAdapter - Downloaded https://repo.maven.apache.org/maven2/org/apache/maven/plugins/maven-clean-plugin/3.1.0/maven-clean-plugin-3.1.0.jar
2020-05-16 13:06:43,684 [Worker-1] INFO  o.e.m.c.i.l.LifecycleMappingFactory - Using org.eclipse.m2e.jdt.JarLifecycleMapping lifecycle mapping for MavenProject: com.example:mongoclientExample:0.0.1-SNAPSHOT @ D:\springBootMongoExample\mongoclientExample\pom.xml.
2020-05-16 13:06:50,282 [Worker-1] INFO  o.e.m.j.i.AbstractJavaProjectConfigurator - Adding source folder /mongoclientExample/src/main/java
2020-05-16 13:06:50,282 [Worker-1] INFO  o.e.m.j.i.AbstractJavaProjectConfigurator - Adding resource folder /mongoclientExample/src/main/resources
2020-05-16 13:06:50,333 [Worker-1] INFO  o.e.m.j.i.AbstractJavaProjectConfigurator - Adding resource folder /mongoclientExample/src/main/resources
2020-05-16 13:06:50,347 [Worker-1] INFO  o.e.m.j.i.AbstractJavaProjectConfigurator - Adding source folder /mongoclientExample/src/test/java
2020-05-16 13:06:56,548 [Worker-1] INFO  o.e.m.c.i.p.ProjectConfigurationManager - Imported and configured 1 project(s) in 31 sec
2020-05-16 13:06:58,603 [Worker-6] INFO  o.e.m.c.i.embedder.EclipseLogger - Using 'UTF-8' encoding to copy filtered resources.
2020-05-16 13:06:58,673 [Worker-6] INFO  o.e.m.c.i.embedder.EclipseLogger - Copying 1 resource
2020-05-16 13:06:58,714 [Worker-6] INFO  o.e.m.c.i.embedder.EclipseLogger - Copying 0 resource
2020-05-16 13:06:58,736 [Worker-6] INFO  o.e.m.c.i.embedder.EclipseLogger - Using 'UTF-8' encoding to copy filtered resources.
2020-05-16 13:06:58,738 [Worker-6] INFO  o.e.m.c.i.embedder.EclipseLogger - skip non existing resourceDirectory D:\springBootMongoExample\mongoclientExample\src\test\resources
2020-05-16 13:08:25,386 [Worker-4] INFO  o.e.m.c.i.embedder.EclipseLogger - Using 'UTF-8' encoding to copy filtered resources.
2020-05-16 13:08:25,489 [Worker-4] INFO  o.e.m.c.i.embedder.EclipseLogger - Copying 1 resource
2020-05-16 13:08:25,493 [Worker-4] INFO  o.e.m.c.i.embedder.EclipseLogger - Copying 0 resource
2020-05-16 13:08:25,498 [Worker-4] INFO  o.e.m.c.i.embedder.EclipseLogger - Using 'UTF-8' encoding to copy filtered resources.
2020-05-16 13:08:25,499 [Worker-4] INFO  o.e.m.c.i.embedder.EclipseLogger - skip non existing resourceDirectory D:\springBootMongoExample\mongoclientExample\src\test\resources
2020-05-16 13:09:34,897 [Worker-0] INFO  o.e.m.c.i.embedder.EclipseLogger - Using 'UTF-8' encoding to copy filtered resources.
2020-05-16 13:09:34,898 [Worker-0] INFO  o.e.m.c.i.embedder.EclipseLogger - Copying 1 resource
2020-05-16 13:09:34,903 [Worker-0] INFO  o.e.m.c.i.embedder.EclipseLogger - Copying 0 resource
2020-05-16 13:09:34,911 [Worker-0] INFO  o.e.m.c.i.embedder.EclipseLogger - Using 'UTF-8' encoding to copy filtered resources.
2020-05-16 13:09:34,911 [Worker-0] INFO  o.e.m.c.i.embedder.EclipseLogger - skip non existing resourceDirectory D:\springBootMongoExample\mongoclientExample\src\test\resources
2020-05-16 13:09:44,859 [Worker-6] INFO  o.e.m.c.i.embedder.EclipseLogger - Using 'UTF-8' encoding to copy filtered resources.
2020-05-16 13:09:44,860 [Worker-6] INFO  o.e.m.c.i.embedder.EclipseLogger - Copying 1 resource
2020-05-16 13:09:44,862 [Worker-6] INFO  o.e.m.c.i.embedder.EclipseLogger - Copying 0 resource
2020-05-16 13:09:44,864 [Worker-6] INFO  o.e.m.c.i.embedder.EclipseLogger - Using 'UTF-8' encoding to copy filtered resources.
2020-05-16 13:09:44,864 [Worker-6] INFO  o.e.m.c.i.embedder.EclipseLogger - skip non existing resourceDirectory D:\springBootMongoExample\mongoclientExample\src\test\resources
2020-05-16 13:10:02,124 [Worker-3] INFO  o.e.m.c.i.embedder.EclipseLogger - Using 'UTF-8' encoding to copy filtered resources.
2020-05-16 13:10:02,126 [Worker-3] INFO  o.e.m.c.i.embedder.EclipseLogger - Copying 1 resource
2020-05-16 13:10:02,128 [Worker-3] INFO  o.e.m.c.i.embedder.EclipseLogger - Copying 0 resource
2020-05-16 13:10:02,132 [Worker-3] INFO  o.e.m.c.i.embedder.EclipseLogger - Using 'UTF-8' encoding to copy filtered resources.
2020-05-16 13:10:02,132 [Worker-3] INFO  o.e.m.c.i.embedder.EclipseLogger - skip non existing resourceDirectory D:\springBootMongoExample\mongoclientExample\src\test\resources
2020-05-16 13:11:20,806 [Worker-3] WARN  o.e.r.models.ModelRepository - Failed to download org.eclipse.recommenders:index::zip:0.0.0
org.eclipse.aether.resolution.ArtifactResolutionException: Could not find artifact org.eclipse.recommenders:index:zip:0.0.0-SNAPSHOT in models (http://download.eclipse.org/recommenders/models/neon/)
	at org.eclipse.aether.internal.impl.DefaultArtifactResolver.resolve(DefaultArtifactResolver.java:444) ~[na:na]
	at org.eclipse.aether.internal.impl.DefaultArtifactResolver.resolveArtifacts(DefaultArtifactResolver.java:246) ~[na:na]
	at org.eclipse.aether.internal.impl.DefaultArtifactResolver.resolveArtifact(DefaultArtifactResolver.java:223) ~[na:na]
	at org.eclipse.aether.internal.impl.DefaultRepositorySystem.resolveArtifact(DefaultRepositorySystem.java:294) ~[na:na]
	at org.eclipse.recommenders.models.ModelRepository.resolveInternal(ModelRepository.java:193) [org.eclipse.recommenders.models_2.4.6.v20170307-1041.jar:na]
	at org.eclipse.recommenders.models.ModelRepository.resolve(ModelRepository.java:172) [org.eclipse.recommenders.models_2.4.6.v20170307-1041.jar:na]
	at org.eclipse.recommenders.internal.models.rcp.EclipseModelRepository.resolve(EclipseModelRepository.java:169) [org.eclipse.recommenders.models.rcp_2.4.6.v20170307-1041.jar:na]
	at org.eclipse.recommenders.internal.models.rcp.DownloadModelArchiveJob.run(DownloadModelArchiveJob.java:76) [org.eclipse.recommenders.models.rcp_2.4.6.v20170307-1041.jar:na]
	at org.eclipse.core.internal.jobs.Worker.run(Worker.java:55) [org.eclipse.core.jobs_3.8.0.v20160509-0411.jar:na]
Caused by: org.eclipse.aether.transfer.ArtifactNotFoundException: Could not find artifact org.eclipse.recommenders:index:zip:0.0.0-SNAPSHOT in models (http://download.eclipse.org/recommenders/models/neon/)
	at org.eclipse.aether.connector.basic.ArtifactTransportListener.transferFailed(ArtifactTransportListener.java:39) ~[org.eclipse.aether.connector.basic_1.0.1.v20141111.jar:na]
	at org.eclipse.aether.connector.basic.BasicRepositoryConnector$TaskRunner.run(BasicRepositoryConnector.java:355) ~[org.eclipse.aether.connector.basic_1.0.1.v20141111.jar:na]
	at org.eclipse.aether.util.concurrency.RunnableErrorForwarder$1.run(RunnableErrorForwarder.java:67) ~[na:na]
	at org.eclipse.aether.connector.basic.BasicRepositoryConnector$DirectExecutor.execute(BasicRepositoryConnector.java:581) ~[org.eclipse.aether.connector.basic_1.0.1.v20141111.jar:na]
	at org.eclipse.aether.connector.basic.BasicRepositoryConnector.get(BasicRepositoryConnector.java:249) ~[org.eclipse.aether.connector.basic_1.0.1.v20141111.jar:na]
	at org.eclipse.aether.internal.impl.DefaultArtifactResolver.performDownloads(DefaultArtifactResolver.java:520) ~[na:na]
	at org.eclipse.aether.internal.impl.DefaultArtifactResolver.resolve(DefaultArtifactResolver.java:421) ~[na:na]
	... 8 common frames omitted
2020-05-16 13:11:35,715 [Worker-1] INFO  o.e.m.c.i.embedder.EclipseLogger - Using 'UTF-8' encoding to copy filtered resources.
2020-05-16 13:11:35,716 [Worker-1] INFO  o.e.m.c.i.embedder.EclipseLogger - Copying 1 resource
2020-05-16 13:11:35,717 [Worker-1] INFO  o.e.m.c.i.embedder.EclipseLogger - Copying 0 resource
2020-05-16 13:11:35,719 [Worker-1] INFO  o.e.m.c.i.embedder.EclipseLogger - Using 'UTF-8' encoding to copy filtered resources.
2020-05-16 13:11:35,719 [Worker-1] INFO  o.e.m.c.i.embedder.EclipseLogger - skip non existing resourceDirectory D:\springBootMongoExample\mongoclientExample\src\test\resources
2020-05-16 13:13:08,970 [Worker-12] INFO  o.e.m.c.i.embedder.EclipseLogger - Using 'UTF-8' encoding to copy filtered resources.
2020-05-16 13:13:08,972 [Worker-12] INFO  o.e.m.c.i.embedder.EclipseLogger - Copying 1 resource
2020-05-16 13:13:08,974 [Worker-12] INFO  o.e.m.c.i.embedder.EclipseLogger - Copying 0 resource
2020-05-16 13:13:08,978 [Worker-12] INFO  o.e.m.c.i.embedder.EclipseLogger - Using 'UTF-8' encoding to copy filtered resources.
2020-05-16 13:13:08,978 [Worker-12] INFO  o.e.m.c.i.embedder.EclipseLogger - skip non existing resourceDirectory D:\springBootMongoExample\mongoclientExample\src\test\resources
2020-05-16 13:13:16,495 [Worker-6] INFO  o.e.m.c.i.embedder.EclipseLogger - Using 'UTF-8' encoding to copy filtered resources.
2020-05-16 13:13:16,496 [Worker-6] INFO  o.e.m.c.i.embedder.EclipseLogger - Copying 1 resource
2020-05-16 13:13:16,497 [Worker-6] INFO  o.e.m.c.i.embedder.EclipseLogger - Copying 0 resource
2020-05-16 13:13:16,502 [Worker-6] INFO  o.e.m.c.i.embedder.EclipseLogger - Using 'UTF-8' encoding to copy filtered resources.
2020-05-16 13:13:16,502 [Worker-6] INFO  o.e.m.c.i.embedder.EclipseLogger - skip non existing resourceDirectory D:\springBootMongoExample\mongoclientExample\src\test\resources
2020-05-16 13:13:22,478 [Worker-10] INFO  o.e.m.c.i.e.AbstractTransferListenerAdapter - Downloading https://repo.maven.apache.org/maven2/org/springframework/spring-web/5.2.6.RELEASE/spring-web-5.2.6.RELEASE-sources.jar
2020-05-16 13:13:27,078 [Worker-10] INFO  o.e.m.c.i.e.AbstractTransferListenerAdapter - Downloaded https://repo.maven.apache.org/maven2/org/springframework/spring-web/5.2.6.RELEASE/spring-web-5.2.6.RELEASE-sources.jar
2020-05-16 13:13:27,617 [Worker-10] INFO  o.e.m.j.internal.DownloadSourcesJob - Downloaded sources for org.springframework:spring-web:5.2.6.RELEASE
2020-05-16 13:13:28,383 [Worker-1] INFO  o.e.m.c.i.embedder.EclipseLogger - Using 'UTF-8' encoding to copy filtered resources.
2020-05-16 13:13:28,383 [Worker-1] INFO  o.e.m.c.i.embedder.EclipseLogger - Copying 0 resource
2020-05-16 13:13:28,384 [Worker-1] INFO  o.e.m.c.i.embedder.EclipseLogger - Copying 0 resource
2020-05-16 13:13:28,388 [Worker-1] INFO  o.e.m.c.i.embedder.EclipseLogger - Using 'UTF-8' encoding to copy filtered resources.
2020-05-16 13:13:28,389 [Worker-1] INFO  o.e.m.c.i.embedder.EclipseLogger - skip non existing resourceDirectory D:\springBootMongoExample\mongoclientExample\src\test\resources
2020-05-16 13:14:04,923 [Worker-9] INFO  o.e.m.c.i.embedder.EclipseLogger - Using 'UTF-8' encoding to copy filtered resources.
2020-05-16 13:14:04,924 [Worker-9] INFO  o.e.m.c.i.embedder.EclipseLogger - Copying 1 resource
2020-05-16 13:14:04,927 [Worker-9] INFO  o.e.m.c.i.embedder.EclipseLogger - Copying 0 resource
2020-05-16 13:14:04,931 [Worker-9] INFO  o.e.m.c.i.embedder.EclipseLogger - Using 'UTF-8' encoding to copy filtered resources.
2020-05-16 13:14:04,931 [Worker-9] INFO  o.e.m.c.i.embedder.EclipseLogger - skip non existing resourceDirectory D:\springBootMongoExample\mongoclientExample\src\test\resources
2020-05-16 13:14:52,719 [Worker-1] INFO  o.e.m.c.i.embedder.EclipseLogger - Using 'UTF-8' encoding to copy filtered resources.
2020-05-16 13:14:52,720 [Worker-1] INFO  o.e.m.c.i.embedder.EclipseLogger - Copying 1 resource
2020-05-16 13:14:52,722 [Worker-1] INFO  o.e.m.c.i.embedder.EclipseLogger - Copying 0 resource
2020-05-16 13:14:52,725 [Worker-1] INFO  o.e.m.c.i.embedder.EclipseLogger - Using 'UTF-8' encoding to copy filtered resources.
2020-05-16 13:14:52,726 [Worker-1] INFO  o.e.m.c.i.embedder.EclipseLogger - skip non existing resourceDirectory D:\springBootMongoExample\mongoclientExample\src\test\resources
2020-05-16 13:15:06,530 [Worker-9] INFO  o.e.m.c.i.embedder.EclipseLogger - Using 'UTF-8' encoding to copy filtered resources.
2020-05-16 13:15:06,532 [Worker-9] INFO  o.e.m.c.i.embedder.EclipseLogger - Copying 1 resource
2020-05-16 13:15:06,534 [Worker-9] INFO  o.e.m.c.i.embedder.EclipseLogger - Copying 0 resource
2020-05-16 13:15:06,539 [Worker-9] INFO  o.e.m.c.i.embedder.EclipseLogger - Using 'UTF-8' encoding to copy filtered resources.
2020-05-16 13:15:06,539 [Worker-9] INFO  o.e.m.c.i.embedder.EclipseLogger - skip non existing resourceDirectory D:\springBootMongoExample\mongoclientExample\src\test\resources
2020-05-16 13:15:27,821 [Worker-10] INFO  o.e.m.c.i.embedder.EclipseLogger - Using 'UTF-8' encoding to copy filtered resources.
2020-05-16 13:15:27,822 [Worker-10] INFO  o.e.m.c.i.embedder.EclipseLogger - Copying 1 resource
2020-05-16 13:15:27,823 [Worker-10] INFO  o.e.m.c.i.embedder.EclipseLogger - Copying 0 resource
2020-05-16 13:15:27,827 [Worker-10] INFO  o.e.m.c.i.embedder.EclipseLogger - Using 'UTF-8' encoding to copy filtered resources.
2020-05-16 13:15:27,828 [Worker-10] INFO  o.e.m.c.i.embedder.EclipseLogger - skip non existing resourceDirectory D:\springBootMongoExample\mongoclientExample\src\test\resources
2020-05-16 13:18:41,723 [Worker-0] INFO  o.e.m.c.i.embedder.EclipseLogger - Using 'UTF-8' encoding to copy filtered resources.
2020-05-16 13:18:41,745 [Worker-0] INFO  o.e.m.c.i.embedder.EclipseLogger - Copying 1 resource
2020-05-16 13:18:41,750 [Worker-0] INFO  o.e.m.c.i.embedder.EclipseLogger - Copying 0 resource
2020-05-16 13:18:41,753 [Worker-0] INFO  o.e.m.c.i.embedder.EclipseLogger - Using 'UTF-8' encoding to copy filtered resources.
2020-05-16 13:18:41,754 [Worker-0] INFO  o.e.m.c.i.embedder.EclipseLogger - skip non existing resourceDirectory D:\springBootMongoExample\mongoclientExample\src\test\resources
2020-05-16 13:21:39,163 [Worker-9] INFO  o.e.m.c.i.l.LifecycleMappingFactory - Using org.eclipse.m2e.jdt.JarLifecycleMapping lifecycle mapping for MavenProject: com.example:mongoclientExample:0.0.1-SNAPSHOT @ D:\springBootMongoExample\mongoclientExample\pom.xml.
2020-05-16 13:21:47,695 [Worker-9] INFO  o.e.m.c.i.embedder.EclipseLogger - Using 'UTF-8' encoding to copy filtered resources.
2020-05-16 13:21:47,701 [Worker-9] INFO  o.e.m.c.i.embedder.EclipseLogger - Copying 0 resource
2020-05-16 13:21:47,701 [Worker-9] INFO  o.e.m.c.i.embedder.EclipseLogger - Copying 0 resource
2020-05-16 13:21:47,704 [Worker-9] INFO  o.e.m.c.i.embedder.EclipseLogger - Using 'UTF-8' encoding to copy filtered resources.
2020-05-16 13:21:47,705 [Worker-9] INFO  o.e.m.c.i.embedder.EclipseLogger - skip non existing resourceDirectory D:\springBootMongoExample\mongoclientExample\src\test\resources
2020-05-16 13:21:50,388 [Worker-10] INFO  o.e.m.c.i.embedder.EclipseLogger - Using 'UTF-8' encoding to copy filtered resources.
2020-05-16 13:21:50,389 [Worker-10] INFO  o.e.m.c.i.embedder.EclipseLogger - Copying 1 resource
2020-05-16 13:21:50,509 [Worker-10] INFO  o.e.m.c.i.embedder.EclipseLogger - Copying 0 resource
2020-05-16 13:21:50,515 [Worker-10] INFO  o.e.m.c.i.embedder.EclipseLogger - Using 'UTF-8' encoding to copy filtered resources.
2020-05-16 13:21:50,515 [Worker-10] INFO  o.e.m.c.i.embedder.EclipseLogger - skip non existing resourceDirectory D:\springBootMongoExample\mongoclientExample\src\test\resources
2020-05-16 13:24:23,740 [Worker-20] INFO  o.e.m.c.i.p.ProjectConfigurationManager - Update started
2020-05-16 13:24:26,582 [Worker-20] INFO  o.e.m.c.i.l.LifecycleMappingFactory - Using org.eclipse.m2e.jdt.JarLifecycleMapping lifecycle mapping for MavenProject: com.example:mongoclientExample:0.0.1-SNAPSHOT @ D:\springBootMongoExample\mongoclientExample\pom.xml.
2020-05-16 13:24:28,434 [Worker-20] INFO  o.e.m.j.i.AbstractJavaProjectConfigurator - Adding source folder /mongoclientExample/src/main/java
2020-05-16 13:24:28,434 [Worker-20] INFO  o.e.m.j.i.AbstractJavaProjectConfigurator - Adding resource folder /mongoclientExample/src/main/resources
2020-05-16 13:24:28,435 [Worker-20] INFO  o.e.m.j.i.AbstractJavaProjectConfigurator - Adding resource folder /mongoclientExample/src/main/resources
2020-05-16 13:24:28,435 [Worker-20] INFO  o.e.m.j.i.AbstractJavaProjectConfigurator - Adding source folder /mongoclientExample/src/test/java
2020-05-16 13:24:28,829 [Worker-20] INFO  o.e.m.c.i.p.ProjectConfigurationManager - Update completed: 5 sec
2020-05-16 13:24:29,669 [Worker-17] INFO  o.e.m.c.i.embedder.EclipseLogger - Using 'UTF-8' encoding to copy filtered resources.
2020-05-16 13:24:29,670 [Worker-17] INFO  o.e.m.c.i.embedder.EclipseLogger - Copying 1 resource
2020-05-16 13:24:29,698 [Worker-17] INFO  o.e.m.c.i.embedder.EclipseLogger - Copying 0 resource
2020-05-16 13:24:29,702 [Worker-17] INFO  o.e.m.c.i.embedder.EclipseLogger - Using 'UTF-8' encoding to copy filtered resources.
2020-05-16 13:24:29,702 [Worker-17] INFO  o.e.m.c.i.embedder.EclipseLogger - skip non existing resourceDirectory D:\springBootMongoExample\mongoclientExample\src\test\resources
2020-05-16 13:24:56,382 [Worker-17] INFO  o.e.m.c.i.p.ProjectConfigurationManager - Update started
2020-05-16 13:24:57,448 [Worker-17] INFO  o.e.m.c.i.l.LifecycleMappingFactory - Using org.eclipse.m2e.jdt.JarLifecycleMapping lifecycle mapping for MavenProject: com.example:mongoclientExample:0.0.1-SNAPSHOT @ D:\springBootMongoExample\mongoclientExample\pom.xml.
2020-05-16 13:24:58,087 [Worker-17] INFO  o.e.m.j.i.AbstractJavaProjectConfigurator - Adding source folder /mongoclientExample/src/main/java
2020-05-16 13:24:58,088 [Worker-17] INFO  o.e.m.j.i.AbstractJavaProjectConfigurator - Adding resource folder /mongoclientExample/src/main/resources
2020-05-16 13:24:58,088 [Worker-17] INFO  o.e.m.j.i.AbstractJavaProjectConfigurator - Adding resource folder /mongoclientExample/src/main/resources
2020-05-16 13:24:58,089 [Worker-17] INFO  o.e.m.j.i.AbstractJavaProjectConfigurator - Adding source folder /mongoclientExample/src/test/java
2020-05-16 13:24:58,317 [Worker-17] INFO  o.e.m.c.i.p.ProjectConfigurationManager - Update completed: 1 sec
2020-05-16 13:24:59,112 [Worker-17] INFO  o.e.m.c.i.embedder.EclipseLogger - Using 'UTF-8' encoding to copy filtered resources.
2020-05-16 13:24:59,113 [Worker-17] INFO  o.e.m.c.i.embedder.EclipseLogger - Copying 1 resource
2020-05-16 13:24:59,139 [Worker-17] INFO  o.e.m.c.i.embedder.EclipseLogger - Copying 0 resource
2020-05-16 13:24:59,143 [Worker-17] INFO  o.e.m.c.i.embedder.EclipseLogger - Using 'UTF-8' encoding to copy filtered resources.
2020-05-16 13:24:59,144 [Worker-17] INFO  o.e.m.c.i.embedder.EclipseLogger - skip non existing resourceDirectory D:\springBootMongoExample\mongoclientExample\src\test\resources
2020-05-16 13:27:00,528 [Worker-17] INFO  o.e.m.c.i.p.ProjectConfigurationManager - Update started
2020-05-16 13:27:01,577 [Worker-17] INFO  o.e.m.c.i.l.LifecycleMappingFactory - Using org.eclipse.m2e.jdt.JarLifecycleMapping lifecycle mapping for MavenProject: com.example:mongoclientExample:0.0.1-SNAPSHOT @ D:\springBootMongoExample\mongoclientExample\pom.xml.
2020-05-16 13:27:02,650 [Worker-17] INFO  o.e.m.j.i.AbstractJavaProjectConfigurator - Adding source folder /mongoclientExample/src/main/java
2020-05-16 13:27:02,651 [Worker-17] INFO  o.e.m.j.i.AbstractJavaProjectConfigurator - Adding resource folder /mongoclientExample/src/main/resources
2020-05-16 13:27:02,651 [Worker-17] INFO  o.e.m.j.i.AbstractJavaProjectConfigurator - Adding resource folder /mongoclientExample/src/main/resources
2020-05-16 13:27:02,652 [Worker-17] INFO  o.e.m.j.i.AbstractJavaProjectConfigurator - Adding source folder /mongoclientExample/src/test/java
2020-05-16 13:27:03,155 [Worker-17] INFO  o.e.m.c.i.p.ProjectConfigurationManager - Update completed: 2 sec
2020-05-16 13:27:04,009 [Worker-22] INFO  o.e.m.c.i.embedder.EclipseLogger - Using 'UTF-8' encoding to copy filtered resources.
2020-05-16 13:27:04,010 [Worker-22] INFO  o.e.m.c.i.embedder.EclipseLogger - Copying 1 resource
2020-05-16 13:27:04,032 [Worker-22] INFO  o.e.m.c.i.embedder.EclipseLogger - Copying 0 resource
2020-05-16 13:27:04,035 [Worker-22] INFO  o.e.m.c.i.embedder.EclipseLogger - Using 'UTF-8' encoding to copy filtered resources.
2020-05-16 13:27:04,036 [Worker-22] INFO  o.e.m.c.i.embedder.EclipseLogger - skip non existing resourceDirectory D:\springBootMongoExample\mongoclientExample\src\test\resources
2020-05-16 13:27:22,110 [Worker-0] INFO  o.e.m.c.i.p.ProjectConfigurationManager - Update started
2020-05-16 13:27:23,181 [Worker-0] INFO  o.e.m.c.i.l.LifecycleMappingFactory - Using org.eclipse.m2e.jdt.JarLifecycleMapping lifecycle mapping for MavenProject: com.example:mongoclientExample:0.0.1-SNAPSHOT @ D:\springBootMongoExample\mongoclientExample\pom.xml.
2020-05-16 13:27:23,891 [Worker-0] INFO  o.e.m.j.i.AbstractJavaProjectConfigurator - Adding source folder /mongoclientExample/src/main/java
2020-05-16 13:27:23,891 [Worker-0] INFO  o.e.m.j.i.AbstractJavaProjectConfigurator - Adding resource folder /mongoclientExample/src/main/resources
2020-05-16 13:27:23,892 [Worker-0] INFO  o.e.m.j.i.AbstractJavaProjectConfigurator - Adding resource folder /mongoclientExample/src/main/resources
2020-05-16 13:27:23,892 [Worker-0] INFO  o.e.m.j.i.AbstractJavaProjectConfigurator - Adding source folder /mongoclientExample/src/test/java
2020-05-16 13:27:24,106 [Worker-0] INFO  o.e.m.c.i.p.ProjectConfigurationManager - Update completed: 1 sec
2020-05-16 13:27:24,854 [Worker-17] INFO  o.e.m.c.i.embedder.EclipseLogger - Using 'UTF-8' encoding to copy filtered resources.
2020-05-16 13:27:24,855 [Worker-17] INFO  o.e.m.c.i.embedder.EclipseLogger - Copying 1 resource
2020-05-16 13:27:24,874 [Worker-17] INFO  o.e.m.c.i.embedder.EclipseLogger - Copying 0 resource
2020-05-16 13:27:24,877 [Worker-17] INFO  o.e.m.c.i.embedder.EclipseLogger - Using 'UTF-8' encoding to copy filtered resources.
2020-05-16 13:27:24,877 [Worker-17] INFO  o.e.m.c.i.embedder.EclipseLogger - skip non existing resourceDirectory D:\springBootMongoExample\mongoclientExample\src\test\resources
2020-05-16 13:28:23,855 [main] INFO  o.e.m2e.actions.ExecutePomAction - Creating new launch configuration
2020-05-16 14:20:39,219 [Worker-30] INFO  o.e.m.c.i.embedder.EclipseLogger - Using 'UTF-8' encoding to copy filtered resources.
2020-05-16 14:20:40,529 [Worker-30] INFO  o.e.m.c.i.embedder.EclipseLogger - Copying 0 resource
2020-05-16 14:20:40,530 [Worker-30] INFO  o.e.m.c.i.embedder.EclipseLogger - Copying 0 resource
2020-05-16 14:20:40,694 [Worker-30] INFO  o.e.m.c.i.embedder.EclipseLogger - Using 'UTF-8' encoding to copy filtered resources.
2020-05-16 14:20:40,874 [Worker-30] INFO  o.e.m.c.i.embedder.EclipseLogger - skip non existing resourceDirectory D:\springBootMongoExample\mongoclientExample\src\test\resources
2020-05-16 14:25:57,527 [Worker-17] INFO  o.e.m.c.i.embedder.EclipseLogger - Using 'UTF-8' encoding to copy filtered resources.
2020-05-16 14:25:57,601 [Worker-17] INFO  o.e.m.c.i.embedder.EclipseLogger - Copying 1 resource
2020-05-16 14:25:57,604 [Worker-17] INFO  o.e.m.c.i.embedder.EclipseLogger - Copying 0 resource
2020-05-16 14:25:57,607 [Worker-17] INFO  o.e.m.c.i.embedder.EclipseLogger - Using 'UTF-8' encoding to copy filtered resources.
2020-05-16 14:25:57,607 [Worker-17] INFO  o.e.m.c.i.embedder.EclipseLogger - skip non existing resourceDirectory D:\springBootMongoExample\mongoclientExample\src\test\resources
2020-05-16 14:26:17,536 [Worker-34] INFO  o.e.m.c.i.embedder.EclipseLogger - Using 'UTF-8' encoding to copy filtered resources.
2020-05-16 14:26:17,536 [Worker-34] INFO  o.e.m.c.i.embedder.EclipseLogger - Copying 1 resource
2020-05-16 14:26:17,540 [Worker-34] INFO  o.e.m.c.i.embedder.EclipseLogger - Copying 0 resource
2020-05-16 14:26:17,543 [Worker-34] INFO  o.e.m.c.i.embedder.EclipseLogger - Using 'UTF-8' encoding to copy filtered resources.
2020-05-16 14:26:17,543 [Worker-34] INFO  o.e.m.c.i.embedder.EclipseLogger - skip non existing resourceDirectory D:\springBootMongoExample\mongoclientExample\src\test\resources
2020-05-16 14:29:37,417 [Worker-36] INFO  o.e.m.c.i.embedder.EclipseLogger - Using 'UTF-8' encoding to copy filtered resources.
2020-05-16 14:29:37,419 [Worker-36] INFO  o.e.m.c.i.embedder.EclipseLogger - Copying 1 resource
2020-05-16 14:29:37,426 [Worker-36] INFO  o.e.m.c.i.embedder.EclipseLogger - Copying 0 resource
2020-05-16 14:29:37,493 [Worker-36] INFO  o.e.m.c.i.embedder.EclipseLogger - Using 'UTF-8' encoding to copy filtered resources.
2020-05-16 14:29:37,493 [Worker-36] INFO  o.e.m.c.i.embedder.EclipseLogger - skip non existing resourceDirectory D:\springBootMongoExample\mongoclientExample\src\test\resources
2020-05-16 14:34:56,253 [Worker-35] INFO  o.e.m.c.i.embedder.EclipseLogger - Using 'UTF-8' encoding to copy filtered resources.
2020-05-16 14:34:56,254 [Worker-35] INFO  o.e.m.c.i.embedder.EclipseLogger - Copying 1 resource
2020-05-16 14:34:56,260 [Worker-35] INFO  o.e.m.c.i.embedder.EclipseLogger - Copying 0 resource
2020-05-16 14:34:56,263 [Worker-35] INFO  o.e.m.c.i.embedder.EclipseLogger - Using 'UTF-8' encoding to copy filtered resources.
2020-05-16 14:34:56,264 [Worker-35] INFO  o.e.m.c.i.embedder.EclipseLogger - skip non existing resourceDirectory D:\springBootMongoExample\mongoclientExample\src\test\resources
2020-05-16 14:35:00,069 [Worker-17] INFO  o.e.m.c.i.embedder.EclipseLogger - Using 'UTF-8' encoding to copy filtered resources.
2020-05-16 14:35:00,070 [Worker-17] INFO  o.e.m.c.i.embedder.EclipseLogger - Copying 1 resource
2020-05-16 14:35:00,073 [Worker-17] INFO  o.e.m.c.i.embedder.EclipseLogger - Copying 0 resource
2020-05-16 14:35:00,077 [Worker-17] INFO  o.e.m.c.i.embedder.EclipseLogger - Using 'UTF-8' encoding to copy filtered resources.
2020-05-16 14:35:00,077 [Worker-17] INFO  o.e.m.c.i.embedder.EclipseLogger - skip non existing resourceDirectory D:\springBootMongoExample\mongoclientExample\src\test\resources
2020-05-16 14:35:47,098 [Worker-37] INFO  o.e.m.c.i.embedder.EclipseLogger - Using 'UTF-8' encoding to copy filtered resources.
2020-05-16 14:35:47,099 [Worker-37] INFO  o.e.m.c.i.embedder.EclipseLogger - Copying 1 resource
2020-05-16 14:35:47,101 [Worker-37] INFO  o.e.m.c.i.embedder.EclipseLogger - Copying 0 resource
2020-05-16 14:35:47,103 [Worker-37] INFO  o.e.m.c.i.embedder.EclipseLogger - Using 'UTF-8' encoding to copy filtered resources.
2020-05-16 14:35:47,103 [Worker-37] INFO  o.e.m.c.i.embedder.EclipseLogger - skip non existing resourceDirectory D:\springBootMongoExample\mongoclientExample\src\test\resources
2020-05-16 14:35:51,887 [Worker-35] INFO  o.e.m.c.i.embedder.EclipseLogger - Using 'UTF-8' encoding to copy filtered resources.
2020-05-16 14:35:51,890 [Worker-35] INFO  o.e.m.c.i.embedder.EclipseLogger - Copying 1 resource
2020-05-16 14:35:51,908 [Worker-35] INFO  o.e.m.c.i.embedder.EclipseLogger - Copying 0 resource
2020-05-16 14:35:51,911 [Worker-35] INFO  o.e.m.c.i.embedder.EclipseLogger - Using 'UTF-8' encoding to copy filtered resources.
2020-05-16 14:35:51,912 [Worker-35] INFO  o.e.m.c.i.embedder.EclipseLogger - skip non existing resourceDirectory D:\springBootMongoExample\mongoclientExample\src\test\resources
2020-05-16 14:35:58,798 [Worker-39] INFO  o.e.m.c.i.embedder.EclipseLogger - Using 'UTF-8' encoding to copy filtered resources.
2020-05-16 14:35:58,799 [Worker-39] INFO  o.e.m.c.i.embedder.EclipseLogger - Copying 1 resource
2020-05-16 14:35:58,802 [Worker-39] INFO  o.e.m.c.i.embedder.EclipseLogger - Copying 0 resource
2020-05-16 14:35:58,807 [Worker-39] INFO  o.e.m.c.i.embedder.EclipseLogger - Using 'UTF-8' encoding to copy filtered resources.
2020-05-16 14:35:58,808 [Worker-39] INFO  o.e.m.c.i.embedder.EclipseLogger - skip non existing resourceDirectory D:\springBootMongoExample\mongoclientExample\src\test\resources
2020-05-16 14:38:21,577 [Worker-33] INFO  o.e.m.c.i.l.LifecycleMappingFactory - Using org.eclipse.m2e.jdt.JarLifecycleMapping lifecycle mapping for MavenProject: com.example:mongoclientExample:0.0.1-SNAPSHOT @ D:\springBootMongoExample\mongoclientExample\pom.xml.
2020-05-16 14:38:25,082 [Worker-33] INFO  o.e.m.c.i.e.AbstractTransferListenerAdapter - Downloading https://repo.maven.apache.org/maven2/org/mongodb/mongo-java-driver/3.4.1/mongo-java-driver-3.4.1.pom
2020-05-16 14:38:25,461 [Worker-33] INFO  o.e.m.c.i.e.AbstractTransferListenerAdapter - Downloaded https://repo.maven.apache.org/maven2/org/mongodb/mongo-java-driver/3.4.1/mongo-java-driver-3.4.1.pom
2020-05-16 14:38:28,328 [Worker-33] INFO  o.e.m.c.i.e.AbstractTransferListenerAdapter - Downloading https://repo.maven.apache.org/maven2/org/mongodb/mongo-java-driver/3.4.1/mongo-java-driver-3.4.1.jar
2020-05-16 14:38:31,279 [Worker-33] INFO  o.e.m.c.i.e.AbstractTransferListenerAdapter - Downloaded https://repo.maven.apache.org/maven2/org/mongodb/mongo-java-driver/3.4.1/mongo-java-driver-3.4.1.jar
2020-05-16 14:38:43,667 [Worker-33] INFO  o.e.m.c.i.embedder.EclipseLogger - Using 'UTF-8' encoding to copy filtered resources.
2020-05-16 14:38:43,697 [Worker-33] INFO  o.e.m.c.i.embedder.EclipseLogger - Copying 0 resource
2020-05-16 14:38:43,697 [Worker-33] INFO  o.e.m.c.i.embedder.EclipseLogger - Copying 0 resource
2020-05-16 14:38:43,716 [Worker-33] INFO  o.e.m.c.i.embedder.EclipseLogger - Using 'UTF-8' encoding to copy filtered resources.
2020-05-16 14:38:43,716 [Worker-33] INFO  o.e.m.c.i.embedder.EclipseLogger - skip non existing resourceDirectory D:\springBootMongoExample\mongoclientExample\src\test\resources
2020-05-16 14:38:46,846 [Worker-17] INFO  o.e.m.c.i.l.LifecycleMappingFactory - Using org.eclipse.m2e.jdt.JarLifecycleMapping lifecycle mapping for MavenProject: com.example:mongoclientExample:0.0.1-SNAPSHOT @ D:\springBootMongoExample\mongoclientExample\pom.xml.
2020-05-16 14:38:47,564 [Worker-17] INFO  o.e.m.c.i.embedder.EclipseLogger - Using 'UTF-8' encoding to copy filtered resources.
2020-05-16 14:38:47,572 [Worker-17] INFO  o.e.m.c.i.embedder.EclipseLogger - Copying 1 resource
2020-05-16 14:38:47,618 [Worker-17] INFO  o.e.m.c.i.embedder.EclipseLogger - Copying 0 resource
2020-05-16 14:38:47,621 [Worker-17] INFO  o.e.m.c.i.embedder.EclipseLogger - Using 'UTF-8' encoding to copy filtered resources.
2020-05-16 14:38:47,622 [Worker-17] INFO  o.e.m.c.i.embedder.EclipseLogger - skip non existing resourceDirectory D:\springBootMongoExample\mongoclientExample\src\test\resources
2020-05-16 14:39:20,982 [Worker-35] INFO  o.e.m.c.i.l.LifecycleMappingFactory - Using org.eclipse.m2e.jdt.JarLifecycleMapping lifecycle mapping for MavenProject: com.example:mongoclientExample:0.0.1-SNAPSHOT @ D:\springBootMongoExample\mongoclientExample\pom.xml.
2020-05-16 14:39:21,689 [Worker-35] INFO  o.e.m.c.i.embedder.EclipseLogger - Using 'UTF-8' encoding to copy filtered resources.
2020-05-16 14:39:21,694 [Worker-35] INFO  o.e.m.c.i.embedder.EclipseLogger - Copying 0 resource
2020-05-16 14:39:21,694 [Worker-35] INFO  o.e.m.c.i.embedder.EclipseLogger - Copying 0 resource
2020-05-16 14:39:21,697 [Worker-35] INFO  o.e.m.c.i.embedder.EclipseLogger - Using 'UTF-8' encoding to copy filtered resources.
2020-05-16 14:39:21,697 [Worker-35] INFO  o.e.m.c.i.embedder.EclipseLogger - skip non existing resourceDirectory D:\springBootMongoExample\mongoclientExample\src\test\resources
2020-05-16 14:42:41,862 [Worker-32] INFO  o.e.m.c.i.embedder.EclipseLogger - Using 'UTF-8' encoding to copy filtered resources.
2020-05-16 14:42:41,863 [Worker-32] INFO  o.e.m.c.i.embedder.EclipseLogger - Copying 1 resource
2020-05-16 14:42:41,950 [Worker-32] INFO  o.e.m.c.i.embedder.EclipseLogger - Copying 0 resource
2020-05-16 14:42:41,953 [Worker-32] INFO  o.e.m.c.i.embedder.EclipseLogger - Using 'UTF-8' encoding to copy filtered resources.
2020-05-16 14:42:41,953 [Worker-32] INFO  o.e.m.c.i.embedder.EclipseLogger - skip non existing resourceDirectory D:\springBootMongoExample\mongoclientExample\src\test\resources
2020-05-16 14:43:10,032 [Worker-33] INFO  o.e.m.c.i.embedder.EclipseLogger - Using 'UTF-8' encoding to copy filtered resources.
2020-05-16 14:43:10,032 [Worker-33] INFO  o.e.m.c.i.embedder.EclipseLogger - Copying 1 resource
2020-05-16 14:43:10,035 [Worker-33] INFO  o.e.m.c.i.embedder.EclipseLogger - Copying 0 resource
2020-05-16 14:43:10,038 [Worker-33] INFO  o.e.m.c.i.embedder.EclipseLogger - Using 'UTF-8' encoding to copy filtered resources.
2020-05-16 14:43:10,038 [Worker-33] INFO  o.e.m.c.i.embedder.EclipseLogger - skip non existing resourceDirectory D:\springBootMongoExample\mongoclientExample\src\test\resources
2020-05-16 14:43:13,943 [Worker-35] INFO  o.e.m.c.i.embedder.EclipseLogger - Using 'UTF-8' encoding to copy filtered resources.
2020-05-16 14:43:13,944 [Worker-35] INFO  o.e.m.c.i.embedder.EclipseLogger - Copying 1 resource
2020-05-16 14:43:13,946 [Worker-35] INFO  o.e.m.c.i.embedder.EclipseLogger - Copying 0 resource
2020-05-16 14:43:13,949 [Worker-35] INFO  o.e.m.c.i.embedder.EclipseLogger - Using 'UTF-8' encoding to copy filtered resources.
2020-05-16 14:43:13,949 [Worker-35] INFO  o.e.m.c.i.embedder.EclipseLogger - skip non existing resourceDirectory D:\springBootMongoExample\mongoclientExample\src\test\resources
2020-05-16 14:43:16,468 [Worker-40] INFO  o.e.m.c.i.embedder.EclipseLogger - Using 'UTF-8' encoding to copy filtered resources.
2020-05-16 14:43:16,469 [Worker-40] INFO  o.e.m.c.i.embedder.EclipseLogger - Copying 1 resource
2020-05-16 14:43:16,473 [Worker-40] INFO  o.e.m.c.i.embedder.EclipseLogger - Copying 0 resource
2020-05-16 14:43:16,476 [Worker-40] INFO  o.e.m.c.i.embedder.EclipseLogger - Using 'UTF-8' encoding to copy filtered resources.
2020-05-16 14:43:16,476 [Worker-40] INFO  o.e.m.c.i.embedder.EclipseLogger - skip non existing resourceDirectory D:\springBootMongoExample\mongoclientExample\src\test\resources
2020-05-16 14:43:30,374 [Worker-37] INFO  o.e.m.c.i.embedder.EclipseLogger - Using 'UTF-8' encoding to copy filtered resources.
2020-05-16 14:43:30,375 [Worker-37] INFO  o.e.m.c.i.embedder.EclipseLogger - Copying 1 resource
2020-05-16 14:43:30,378 [Worker-37] INFO  o.e.m.c.i.embedder.EclipseLogger - Copying 0 resource
2020-05-16 14:43:30,382 [Worker-37] INFO  o.e.m.c.i.embedder.EclipseLogger - Using 'UTF-8' encoding to copy filtered resources.
2020-05-16 14:43:30,383 [Worker-37] INFO  o.e.m.c.i.embedder.EclipseLogger - skip non existing resourceDirectory D:\springBootMongoExample\mongoclientExample\src\test\resources
2020-05-16 14:43:38,637 [Worker-32] INFO  o.e.m.c.i.embedder.EclipseLogger - Using 'UTF-8' encoding to copy filtered resources.
2020-05-16 14:43:38,638 [Worker-32] INFO  o.e.m.c.i.embedder.EclipseLogger - Copying 1 resource
2020-05-16 14:43:38,642 [Worker-32] INFO  o.e.m.c.i.embedder.EclipseLogger - Copying 0 resource
2020-05-16 14:43:38,645 [Worker-32] INFO  o.e.m.c.i.embedder.EclipseLogger - Using 'UTF-8' encoding to copy filtered resources.
2020-05-16 14:43:38,645 [Worker-32] INFO  o.e.m.c.i.embedder.EclipseLogger - skip non existing resourceDirectory D:\springBootMongoExample\mongoclientExample\src\test\resources
2020-05-16 14:43:40,759 [Worker-33] INFO  o.e.m.c.i.embedder.EclipseLogger - Using 'UTF-8' encoding to copy filtered resources.
2020-05-16 14:43:40,759 [Worker-33] INFO  o.e.m.c.i.embedder.EclipseLogger - Copying 1 resource
2020-05-16 14:43:40,762 [Worker-33] INFO  o.e.m.c.i.embedder.EclipseLogger - Copying 0 resource
2020-05-16 14:43:40,788 [Worker-33] INFO  o.e.m.c.i.embedder.EclipseLogger - Using 'UTF-8' encoding to copy filtered resources.
2020-05-16 14:43:40,788 [Worker-33] INFO  o.e.m.c.i.embedder.EclipseLogger - skip non existing resourceDirectory D:\springBootMongoExample\mongoclientExample\src\test\resources
2020-05-16 14:44:19,116 [Worker-40] INFO  o.e.m.c.i.embedder.EclipseLogger - Using 'UTF-8' encoding to copy filtered resources.
2020-05-16 14:44:19,117 [Worker-40] INFO  o.e.m.c.i.embedder.EclipseLogger - Copying 1 resource
2020-05-16 14:44:19,121 [Worker-40] INFO  o.e.m.c.i.embedder.EclipseLogger - Copying 0 resource
2020-05-16 14:44:19,123 [Worker-40] INFO  o.e.m.c.i.embedder.EclipseLogger - Using 'UTF-8' encoding to copy filtered resources.
2020-05-16 14:44:19,123 [Worker-40] INFO  o.e.m.c.i.embedder.EclipseLogger - skip non existing resourceDirectory D:\springBootMongoExample\mongoclientExample\src\test\resources
2020-05-16 14:44:59,788 [Worker-39] INFO  o.e.m.c.i.embedder.EclipseLogger - Using 'UTF-8' encoding to copy filtered resources.
2020-05-16 14:44:59,789 [Worker-39] INFO  o.e.m.c.i.embedder.EclipseLogger - Copying 1 resource
2020-05-16 14:44:59,793 [Worker-39] INFO  o.e.m.c.i.embedder.EclipseLogger - Copying 0 resource
2020-05-16 14:44:59,796 [Worker-39] INFO  o.e.m.c.i.embedder.EclipseLogger - Using 'UTF-8' encoding to copy filtered resources.
2020-05-16 14:44:59,797 [Worker-39] INFO  o.e.m.c.i.embedder.EclipseLogger - skip non existing resourceDirectory D:\springBootMongoExample\mongoclientExample\src\test\resources
2020-05-16 14:45:44,559 [Worker-36] INFO  o.e.m.c.i.embedder.EclipseLogger - Using 'UTF-8' encoding to copy filtered resources.
2020-05-16 14:45:44,561 [Worker-36] INFO  o.e.m.c.i.embedder.EclipseLogger - Copying 1 resource
2020-05-16 14:45:44,565 [Worker-36] INFO  o.e.m.c.i.embedder.EclipseLogger - Copying 0 resource
2020-05-16 14:45:44,567 [Worker-36] INFO  o.e.m.c.i.embedder.EclipseLogger - Using 'UTF-8' encoding to copy filtered resources.
2020-05-16 14:45:44,568 [Worker-36] INFO  o.e.m.c.i.embedder.EclipseLogger - skip non existing resourceDirectory D:\springBootMongoExample\mongoclientExample\src\test\resources
2020-05-16 14:45:49,970 [Worker-37] INFO  o.e.m.c.i.embedder.EclipseLogger - Using 'UTF-8' encoding to copy filtered resources.
2020-05-16 14:45:49,971 [Worker-37] INFO  o.e.m.c.i.embedder.EclipseLogger - Copying 1 resource
2020-05-16 14:45:49,973 [Worker-37] INFO  o.e.m.c.i.embedder.EclipseLogger - Copying 0 resource
2020-05-16 14:45:49,975 [Worker-37] INFO  o.e.m.c.i.embedder.EclipseLogger - Using 'UTF-8' encoding to copy filtered resources.
2020-05-16 14:45:49,975 [Worker-37] INFO  o.e.m.c.i.embedder.EclipseLogger - skip non existing resourceDirectory D:\springBootMongoExample\mongoclientExample\src\test\resources
2020-05-16 14:47:37,647 [Worker-36] INFO  o.e.m.c.i.embedder.EclipseLogger - Using 'UTF-8' encoding to copy filtered resources.
2020-05-16 14:47:37,648 [Worker-36] INFO  o.e.m.c.i.embedder.EclipseLogger - Copying 1 resource
2020-05-16 14:47:37,651 [Worker-36] INFO  o.e.m.c.i.embedder.EclipseLogger - Copying 0 resource
2020-05-16 14:47:37,653 [Worker-36] INFO  o.e.m.c.i.embedder.EclipseLogger - Using 'UTF-8' encoding to copy filtered resources.
2020-05-16 14:47:37,653 [Worker-36] INFO  o.e.m.c.i.embedder.EclipseLogger - skip non existing resourceDirectory D:\springBootMongoExample\mongoclientExample\src\test\resources
2020-05-16 14:47:48,572 [Worker-40] INFO  o.e.m.c.i.embedder.EclipseLogger - Using 'UTF-8' encoding to copy filtered resources.
2020-05-16 14:47:48,573 [Worker-40] INFO  o.e.m.c.i.embedder.EclipseLogger - Copying 1 resource
2020-05-16 14:47:48,576 [Worker-40] INFO  o.e.m.c.i.embedder.EclipseLogger - Copying 0 resource
2020-05-16 14:47:48,578 [Worker-40] INFO  o.e.m.c.i.embedder.EclipseLogger - Using 'UTF-8' encoding to copy filtered resources.
2020-05-16 14:47:48,579 [Worker-40] INFO  o.e.m.c.i.embedder.EclipseLogger - skip non existing resourceDirectory D:\springBootMongoExample\mongoclientExample\src\test\resources
2020-05-16 15:05:59,823 [Worker-48] INFO  o.e.m.c.i.embedder.EclipseLogger - Using 'UTF-8' encoding to copy filtered resources.
2020-05-16 15:05:59,877 [Worker-48] INFO  o.e.m.c.i.embedder.EclipseLogger - Copying 1 resource
2020-05-16 15:05:59,886 [Worker-48] INFO  o.e.m.c.i.embedder.EclipseLogger - Copying 0 resource
2020-05-16 15:05:59,890 [Worker-48] INFO  o.e.m.c.i.embedder.EclipseLogger - Using 'UTF-8' encoding to copy filtered resources.
2020-05-16 15:05:59,891 [Worker-48] INFO  o.e.m.c.i.embedder.EclipseLogger - skip non existing resourceDirectory D:\springBootMongoExample\mongoclientExample\src\test\resources
2020-05-16 15:06:16,130 [Worker-49] INFO  o.e.m.c.i.embedder.EclipseLogger - Using 'UTF-8' encoding to copy filtered resources.
2020-05-16 15:06:16,131 [Worker-49] INFO  o.e.m.c.i.embedder.EclipseLogger - Copying 1 resource
2020-05-16 15:06:16,135 [Worker-49] INFO  o.e.m.c.i.embedder.EclipseLogger - Copying 0 resource
2020-05-16 15:06:16,155 [Worker-49] INFO  o.e.m.c.i.embedder.EclipseLogger - Using 'UTF-8' encoding to copy filtered resources.
2020-05-16 15:06:16,155 [Worker-49] INFO  o.e.m.c.i.embedder.EclipseLogger - skip non existing resourceDirectory D:\springBootMongoExample\mongoclientExample\src\test\resources
2020-05-16 15:06:17,729 [Worker-50] INFO  o.e.m.c.i.embedder.EclipseLogger - Using 'UTF-8' encoding to copy filtered resources.
2020-05-16 15:06:17,730 [Worker-50] INFO  o.e.m.c.i.embedder.EclipseLogger - Copying 1 resource
2020-05-16 15:06:17,736 [Worker-50] INFO  o.e.m.c.i.embedder.EclipseLogger - Copying 0 resource
2020-05-16 15:06:17,741 [Worker-50] INFO  o.e.m.c.i.embedder.EclipseLogger - Using 'UTF-8' encoding to copy filtered resources.
2020-05-16 15:06:17,741 [Worker-50] INFO  o.e.m.c.i.embedder.EclipseLogger - skip non existing resourceDirectory D:\springBootMongoExample\mongoclientExample\src\test\resources
2020-05-16 15:06:34,135 [Worker-43] INFO  o.e.m.c.i.embedder.EclipseLogger - Using 'UTF-8' encoding to copy filtered resources.
2020-05-16 15:06:34,136 [Worker-43] INFO  o.e.m.c.i.embedder.EclipseLogger - Copying 1 resource
2020-05-16 15:06:34,144 [Worker-43] INFO  o.e.m.c.i.embedder.EclipseLogger - Copying 0 resource
2020-05-16 15:06:34,147 [Worker-43] INFO  o.e.m.c.i.embedder.EclipseLogger - Using 'UTF-8' encoding to copy filtered resources.
2020-05-16 15:06:34,147 [Worker-43] INFO  o.e.m.c.i.embedder.EclipseLogger - skip non existing resourceDirectory D:\springBootMongoExample\mongoclientExample\src\test\resources
2020-05-16 15:06:43,061 [Worker-50] INFO  o.e.m.c.i.embedder.EclipseLogger - Using 'UTF-8' encoding to copy filtered resources.
2020-05-16 15:06:43,062 [Worker-50] INFO  o.e.m.c.i.embedder.EclipseLogger - Copying 1 resource
2020-05-16 15:06:43,065 [Worker-50] INFO  o.e.m.c.i.embedder.EclipseLogger - Copying 0 resource
2020-05-16 15:06:43,066 [Worker-50] INFO  o.e.m.c.i.embedder.EclipseLogger - Using 'UTF-8' encoding to copy filtered resources.
2020-05-16 15:06:43,066 [Worker-50] INFO  o.e.m.c.i.embedder.EclipseLogger - skip non existing resourceDirectory D:\springBootMongoExample\mongoclientExample\src\test\resources
2020-05-16 15:07:12,691 [Worker-44] INFO  o.e.m.c.i.embedder.EclipseLogger - Using 'UTF-8' encoding to copy filtered resources.
2020-05-16 15:07:12,692 [Worker-44] INFO  o.e.m.c.i.embedder.EclipseLogger - Copying 1 resource
2020-05-16 15:07:12,694 [Worker-44] INFO  o.e.m.c.i.embedder.EclipseLogger - Copying 0 resource
2020-05-16 15:07:12,696 [Worker-44] INFO  o.e.m.c.i.embedder.EclipseLogger - Using 'UTF-8' encoding to copy filtered resources.
2020-05-16 15:07:12,696 [Worker-44] INFO  o.e.m.c.i.embedder.EclipseLogger - skip non existing resourceDirectory D:\springBootMongoExample\mongoclientExample\src\test\resources
2020-05-16 15:07:19,721 [Worker-48] INFO  o.e.m.c.i.embedder.EclipseLogger - Using 'UTF-8' encoding to copy filtered resources.
2020-05-16 15:07:19,724 [Worker-48] INFO  o.e.m.c.i.embedder.EclipseLogger - Copying 1 resource
2020-05-16 15:07:19,733 [Worker-48] INFO  o.e.m.c.i.embedder.EclipseLogger - Copying 0 resource
2020-05-16 15:07:19,738 [Worker-48] INFO  o.e.m.c.i.embedder.EclipseLogger - Using 'UTF-8' encoding to copy filtered resources.
2020-05-16 15:07:19,738 [Worker-48] INFO  o.e.m.c.i.embedder.EclipseLogger - skip non existing resourceDirectory D:\springBootMongoExample\mongoclientExample\src\test\resources
2020-05-16 15:07:45,717 [Worker-17] INFO  o.e.m.c.i.embedder.EclipseLogger - Using 'UTF-8' encoding to copy filtered resources.
2020-05-16 15:07:45,718 [Worker-17] INFO  o.e.m.c.i.embedder.EclipseLogger - Copying 1 resource
2020-05-16 15:07:45,721 [Worker-17] INFO  o.e.m.c.i.embedder.EclipseLogger - Copying 0 resource
2020-05-16 15:07:45,724 [Worker-17] INFO  o.e.m.c.i.embedder.EclipseLogger - Using 'UTF-8' encoding to copy filtered resources.
2020-05-16 15:07:45,724 [Worker-17] INFO  o.e.m.c.i.embedder.EclipseLogger - skip non existing resourceDirectory D:\springBootMongoExample\mongoclientExample\src\test\resources
2020-05-16 15:07:52,368 [Worker-50] INFO  o.e.m.c.i.embedder.EclipseLogger - Using 'UTF-8' encoding to copy filtered resources.
2020-05-16 15:07:52,369 [Worker-50] INFO  o.e.m.c.i.embedder.EclipseLogger - Copying 1 resource
2020-05-16 15:07:52,372 [Worker-50] INFO  o.e.m.c.i.embedder.EclipseLogger - Copying 0 resource
2020-05-16 15:07:52,374 [Worker-50] INFO  o.e.m.c.i.embedder.EclipseLogger - Using 'UTF-8' encoding to copy filtered resources.
2020-05-16 15:07:52,374 [Worker-50] INFO  o.e.m.c.i.embedder.EclipseLogger - skip non existing resourceDirectory D:\springBootMongoExample\mongoclientExample\src\test\resources
2020-05-16 15:09:14,614 [Worker-17] INFO  o.e.m.c.i.embedder.EclipseLogger - Using 'UTF-8' encoding to copy filtered resources.
2020-05-16 15:09:14,614 [Worker-17] INFO  o.e.m.c.i.embedder.EclipseLogger - Copying 1 resource
2020-05-16 15:09:14,618 [Worker-17] INFO  o.e.m.c.i.embedder.EclipseLogger - Copying 0 resource
2020-05-16 15:09:14,619 [Worker-17] INFO  o.e.m.c.i.embedder.EclipseLogger - Using 'UTF-8' encoding to copy filtered resources.
2020-05-16 15:09:14,620 [Worker-17] INFO  o.e.m.c.i.embedder.EclipseLogger - skip non existing resourceDirectory D:\springBootMongoExample\mongoclientExample\src\test\resources
2020-05-16 15:09:52,767 [Worker-50] INFO  o.e.m.c.i.embedder.EclipseLogger - Using 'UTF-8' encoding to copy filtered resources.
2020-05-16 15:09:52,777 [Worker-50] INFO  o.e.m.c.i.embedder.EclipseLogger - Copying 1 resource
2020-05-16 15:09:52,781 [Worker-50] INFO  o.e.m.c.i.embedder.EclipseLogger - Copying 0 resource
2020-05-16 15:09:52,784 [Worker-50] INFO  o.e.m.c.i.embedder.EclipseLogger - Using 'UTF-8' encoding to copy filtered resources.
2020-05-16 15:09:52,784 [Worker-50] INFO  o.e.m.c.i.embedder.EclipseLogger - skip non existing resourceDirectory D:\springBootMongoExample\mongoclientExample\src\test\resources
2020-05-16 15:10:02,999 [Worker-50] INFO  o.e.m.c.i.embedder.EclipseLogger - Using 'UTF-8' encoding to copy filtered resources.
2020-05-16 15:10:02,999 [Worker-50] INFO  o.e.m.c.i.embedder.EclipseLogger - Copying 1 resource
2020-05-16 15:10:03,022 [Worker-50] INFO  o.e.m.c.i.embedder.EclipseLogger - Copying 0 resource
2020-05-16 15:10:03,040 [Worker-50] INFO  o.e.m.c.i.embedder.EclipseLogger - Using 'UTF-8' encoding to copy filtered resources.
2020-05-16 15:10:03,040 [Worker-50] INFO  o.e.m.c.i.embedder.EclipseLogger - skip non existing resourceDirectory D:\springBootMongoExample\mongoclientExample\src\test\resources
2020-05-16 15:10:06,786 [Worker-43] INFO  o.e.m.c.i.embedder.EclipseLogger - Using 'UTF-8' encoding to copy filtered resources.
2020-05-16 15:10:06,787 [Worker-43] INFO  o.e.m.c.i.embedder.EclipseLogger - Copying 1 resource
2020-05-16 15:10:06,790 [Worker-43] INFO  o.e.m.c.i.embedder.EclipseLogger - Copying 0 resource
2020-05-16 15:10:06,792 [Worker-43] INFO  o.e.m.c.i.embedder.EclipseLogger - Using 'UTF-8' encoding to copy filtered resources.
2020-05-16 15:10:06,792 [Worker-43] INFO  o.e.m.c.i.embedder.EclipseLogger - skip non existing resourceDirectory D:\springBootMongoExample\mongoclientExample\src\test\resources
2020-05-16 15:10:09,213 [Worker-48] INFO  o.e.m.c.i.embedder.EclipseLogger - Using 'UTF-8' encoding to copy filtered resources.
2020-05-16 15:10:09,214 [Worker-48] INFO  o.e.m.c.i.embedder.EclipseLogger - Copying 1 resource
2020-05-16 15:10:09,219 [Worker-48] INFO  o.e.m.c.i.embedder.EclipseLogger - Copying 0 resource
2020-05-16 15:10:09,222 [Worker-48] INFO  o.e.m.c.i.embedder.EclipseLogger - Using 'UTF-8' encoding to copy filtered resources.
2020-05-16 15:10:09,222 [Worker-48] INFO  o.e.m.c.i.embedder.EclipseLogger - skip non existing resourceDirectory D:\springBootMongoExample\mongoclientExample\src\test\resources
2020-05-16 15:10:56,428 [Worker-44] INFO  o.e.m.c.i.embedder.EclipseLogger - Using 'UTF-8' encoding to copy filtered resources.
2020-05-16 15:10:56,429 [Worker-44] INFO  o.e.m.c.i.embedder.EclipseLogger - Copying 1 resource
2020-05-16 15:10:56,431 [Worker-44] INFO  o.e.m.c.i.embedder.EclipseLogger - Copying 0 resource
2020-05-16 15:10:56,432 [Worker-44] INFO  o.e.m.c.i.embedder.EclipseLogger - Using 'UTF-8' encoding to copy filtered resources.
2020-05-16 15:10:56,433 [Worker-44] INFO  o.e.m.c.i.embedder.EclipseLogger - skip non existing resourceDirectory D:\springBootMongoExample\mongoclientExample\src\test\resources
2020-05-16 15:10:57,874 [Worker-43] INFO  o.e.m.c.i.embedder.EclipseLogger - Using 'UTF-8' encoding to copy filtered resources.
2020-05-16 15:10:57,875 [Worker-43] INFO  o.e.m.c.i.embedder.EclipseLogger - Copying 1 resource
2020-05-16 15:10:57,878 [Worker-43] INFO  o.e.m.c.i.embedder.EclipseLogger - Copying 0 resource
2020-05-16 15:10:57,880 [Worker-43] INFO  o.e.m.c.i.embedder.EclipseLogger - Using 'UTF-8' encoding to copy filtered resources.
2020-05-16 15:10:57,880 [Worker-43] INFO  o.e.m.c.i.embedder.EclipseLogger - skip non existing resourceDirectory D:\springBootMongoExample\mongoclientExample\src\test\resources
2020-05-16 15:11:10,985 [Worker-44] INFO  o.e.m.c.i.embedder.EclipseLogger - Using 'UTF-8' encoding to copy filtered resources.
2020-05-16 15:11:10,987 [Worker-44] INFO  o.e.m.c.i.embedder.EclipseLogger - Copying 1 resource
2020-05-16 15:11:10,990 [Worker-44] INFO  o.e.m.c.i.embedder.EclipseLogger - Copying 0 resource
2020-05-16 15:11:10,992 [Worker-44] INFO  o.e.m.c.i.embedder.EclipseLogger - Using 'UTF-8' encoding to copy filtered resources.
2020-05-16 15:11:10,992 [Worker-44] INFO  o.e.m.c.i.embedder.EclipseLogger - skip non existing resourceDirectory D:\springBootMongoExample\mongoclientExample\src\test\resources
2020-05-16 15:12:10,288 [Worker-17] INFO  o.e.m.c.i.embedder.EclipseLogger - Using 'UTF-8' encoding to copy filtered resources.
2020-05-16 15:12:10,289 [Worker-17] INFO  o.e.m.c.i.embedder.EclipseLogger - Copying 1 resource
2020-05-16 15:12:10,295 [Worker-17] INFO  o.e.m.c.i.embedder.EclipseLogger - Copying 0 resource
2020-05-16 15:12:10,299 [Worker-17] INFO  o.e.m.c.i.embedder.EclipseLogger - Using 'UTF-8' encoding to copy filtered resources.
2020-05-16 15:12:10,299 [Worker-17] INFO  o.e.m.c.i.embedder.EclipseLogger - skip non existing resourceDirectory D:\springBootMongoExample\mongoclientExample\src\test\resources
2020-05-16 15:12:58,631 [Worker-43] INFO  o.e.m.c.i.embedder.EclipseLogger - Using 'UTF-8' encoding to copy filtered resources.
2020-05-16 15:12:58,632 [Worker-43] INFO  o.e.m.c.i.embedder.EclipseLogger - Copying 1 resource
2020-05-16 15:12:58,636 [Worker-43] INFO  o.e.m.c.i.embedder.EclipseLogger - Copying 0 resource
2020-05-16 15:12:58,639 [Worker-43] INFO  o.e.m.c.i.embedder.EclipseLogger - Using 'UTF-8' encoding to copy filtered resources.
2020-05-16 15:12:58,639 [Worker-43] INFO  o.e.m.c.i.embedder.EclipseLogger - skip non existing resourceDirectory D:\springBootMongoExample\mongoclientExample\src\test\resources
2020-05-16 15:13:30,669 [Worker-51] INFO  o.e.m.c.i.embedder.EclipseLogger - Using 'UTF-8' encoding to copy filtered resources.
2020-05-16 15:13:30,670 [Worker-51] INFO  o.e.m.c.i.embedder.EclipseLogger - Copying 1 resource
2020-05-16 15:13:30,673 [Worker-51] INFO  o.e.m.c.i.embedder.EclipseLogger - Copying 0 resource
2020-05-16 15:13:30,676 [Worker-51] INFO  o.e.m.c.i.embedder.EclipseLogger - Using 'UTF-8' encoding to copy filtered resources.
2020-05-16 15:13:30,676 [Worker-51] INFO  o.e.m.c.i.embedder.EclipseLogger - skip non existing resourceDirectory D:\springBootMongoExample\mongoclientExample\src\test\resources
2020-05-16 15:15:36,448 [Worker-44] INFO  o.e.m.c.i.embedder.EclipseLogger - Using 'UTF-8' encoding to copy filtered resources.
2020-05-16 15:15:36,450 [Worker-44] INFO  o.e.m.c.i.embedder.EclipseLogger - Copying 1 resource
2020-05-16 15:15:36,463 [Worker-44] INFO  o.e.m.c.i.embedder.EclipseLogger - Copying 0 resource
2020-05-16 15:15:36,467 [Worker-44] INFO  o.e.m.c.i.embedder.EclipseLogger - Using 'UTF-8' encoding to copy filtered resources.
2020-05-16 15:15:36,467 [Worker-44] INFO  o.e.m.c.i.embedder.EclipseLogger - skip non existing resourceDirectory D:\springBootMongoExample\mongoclientExample\src\test\resources
2020-05-16 15:16:25,705 [Worker-44] INFO  o.e.m.c.i.embedder.EclipseLogger - Using 'UTF-8' encoding to copy filtered resources.
2020-05-16 15:16:25,722 [Worker-44] INFO  o.e.m.c.i.embedder.EclipseLogger - Copying 1 resource
2020-05-16 15:16:25,728 [Worker-44] INFO  o.e.m.c.i.embedder.EclipseLogger - Copying 0 resource
2020-05-16 15:16:25,730 [Worker-44] INFO  o.e.m.c.i.embedder.EclipseLogger - Using 'UTF-8' encoding to copy filtered resources.
2020-05-16 15:16:25,730 [Worker-44] INFO  o.e.m.c.i.embedder.EclipseLogger - skip non existing resourceDirectory D:\springBootMongoExample\mongoclientExample\src\test\resources
2020-05-16 15:16:53,337 [Worker-53] INFO  o.e.m.c.i.embedder.EclipseLogger - Using 'UTF-8' encoding to copy filtered resources.
2020-05-16 15:16:53,338 [Worker-53] INFO  o.e.m.c.i.embedder.EclipseLogger - Copying 1 resource
2020-05-16 15:16:53,340 [Worker-53] INFO  o.e.m.c.i.embedder.EclipseLogger - Copying 0 resource
2020-05-16 15:16:53,342 [Worker-53] INFO  o.e.m.c.i.embedder.EclipseLogger - Using 'UTF-8' encoding to copy filtered resources.
2020-05-16 15:16:53,342 [Worker-53] INFO  o.e.m.c.i.embedder.EclipseLogger - skip non existing resourceDirectory D:\springBootMongoExample\mongoclientExample\src\test\resources
2020-05-16 15:17:06,339 [Worker-53] INFO  o.e.m.c.i.embedder.EclipseLogger - Using 'UTF-8' encoding to copy filtered resources.
2020-05-16 15:17:06,341 [Worker-53] INFO  o.e.m.c.i.embedder.EclipseLogger - Copying 1 resource
2020-05-16 15:17:06,347 [Worker-53] INFO  o.e.m.c.i.embedder.EclipseLogger - Copying 0 resource
2020-05-16 15:17:06,350 [Worker-53] INFO  o.e.m.c.i.embedder.EclipseLogger - Using 'UTF-8' encoding to copy filtered resources.
2020-05-16 15:17:06,350 [Worker-53] INFO  o.e.m.c.i.embedder.EclipseLogger - skip non existing resourceDirectory D:\springBootMongoExample\mongoclientExample\src\test\resources
2020-05-16 15:17:54,939 [Worker-52] INFO  o.e.m.c.i.embedder.EclipseLogger - Using 'UTF-8' encoding to copy filtered resources.
2020-05-16 15:17:54,940 [Worker-52] INFO  o.e.m.c.i.embedder.EclipseLogger - Copying 1 resource
2020-05-16 15:17:54,943 [Worker-52] INFO  o.e.m.c.i.embedder.EclipseLogger - Copying 0 resource
2020-05-16 15:17:54,956 [Worker-52] INFO  o.e.m.c.i.embedder.EclipseLogger - Using 'UTF-8' encoding to copy filtered resources.
2020-05-16 15:17:54,956 [Worker-52] INFO  o.e.m.c.i.embedder.EclipseLogger - skip non existing resourceDirectory D:\springBootMongoExample\mongoclientExample\src\test\resources
2020-05-16 15:20:09,143 [Worker-44] INFO  o.e.m.c.i.embedder.EclipseLogger - Using 'UTF-8' encoding to copy filtered resources.
2020-05-16 15:20:09,144 [Worker-44] INFO  o.e.m.c.i.embedder.EclipseLogger - Copying 1 resource
2020-05-16 15:20:09,146 [Worker-44] INFO  o.e.m.c.i.embedder.EclipseLogger - Copying 0 resource
2020-05-16 15:20:09,148 [Worker-44] INFO  o.e.m.c.i.embedder.EclipseLogger - Using 'UTF-8' encoding to copy filtered resources.
2020-05-16 15:20:09,148 [Worker-44] INFO  o.e.m.c.i.embedder.EclipseLogger - skip non existing resourceDirectory D:\springBootMongoExample\mongoclientExample\src\test\resources
2020-05-16 15:20:19,946 [Worker-49] INFO  o.e.m.c.i.embedder.EclipseLogger - Using 'UTF-8' encoding to copy filtered resources.
2020-05-16 15:20:19,947 [Worker-49] INFO  o.e.m.c.i.embedder.EclipseLogger - Copying 1 resource
2020-05-16 15:20:19,950 [Worker-49] INFO  o.e.m.c.i.embedder.EclipseLogger - Copying 0 resource
2020-05-16 15:20:19,953 [Worker-49] INFO  o.e.m.c.i.embedder.EclipseLogger - Using 'UTF-8' encoding to copy filtered resources.
2020-05-16 15:20:19,982 [Worker-49] INFO  o.e.m.c.i.embedder.EclipseLogger - skip non existing resourceDirectory D:\springBootMongoExample\mongoclientExample\src\test\resources
2020-05-16 15:20:51,454 [Worker-48] INFO  o.e.m.c.i.embedder.EclipseLogger - Using 'UTF-8' encoding to copy filtered resources.
2020-05-16 15:20:51,454 [Worker-48] INFO  o.e.m.c.i.embedder.EclipseLogger - Copying 1 resource
2020-05-16 15:20:51,456 [Worker-48] INFO  o.e.m.c.i.embedder.EclipseLogger - Copying 0 resource
2020-05-16 15:20:51,458 [Worker-48] INFO  o.e.m.c.i.embedder.EclipseLogger - Using 'UTF-8' encoding to copy filtered resources.
2020-05-16 15:20:51,458 [Worker-48] INFO  o.e.m.c.i.embedder.EclipseLogger - skip non existing resourceDirectory D:\springBootMongoExample\mongoclientExample\src\test\resources
2020-05-16 15:21:28,778 [Worker-51] INFO  o.e.m.c.i.embedder.EclipseLogger - Using 'UTF-8' encoding to copy filtered resources.
2020-05-16 15:21:28,779 [Worker-51] INFO  o.e.m.c.i.embedder.EclipseLogger - Copying 1 resource
2020-05-16 15:21:28,782 [Worker-51] INFO  o.e.m.c.i.embedder.EclipseLogger - Copying 0 resource
2020-05-16 15:21:28,784 [Worker-51] INFO  o.e.m.c.i.embedder.EclipseLogger - Using 'UTF-8' encoding to copy filtered resources.
2020-05-16 15:21:28,784 [Worker-51] INFO  o.e.m.c.i.embedder.EclipseLogger - skip non existing resourceDirectory D:\springBootMongoExample\mongoclientExample\src\test\resources
2020-05-16 15:21:57,787 [Worker-49] INFO  o.e.m.c.i.embedder.EclipseLogger - Using 'UTF-8' encoding to copy filtered resources.
2020-05-16 15:21:57,788 [Worker-49] INFO  o.e.m.c.i.embedder.EclipseLogger - Copying 1 resource
2020-05-16 15:21:57,791 [Worker-49] INFO  o.e.m.c.i.embedder.EclipseLogger - Copying 0 resource
2020-05-16 15:21:57,794 [Worker-49] INFO  o.e.m.c.i.embedder.EclipseLogger - Using 'UTF-8' encoding to copy filtered resources.
2020-05-16 15:21:57,794 [Worker-49] INFO  o.e.m.c.i.embedder.EclipseLogger - skip non existing resourceDirectory D:\springBootMongoExample\mongoclientExample\src\test\resources
2020-05-16 15:23:02,080 [Worker-48] INFO  o.e.m.c.i.embedder.EclipseLogger - Using 'UTF-8' encoding to copy filtered resources.
2020-05-16 15:23:02,109 [Worker-48] INFO  o.e.m.c.i.embedder.EclipseLogger - Copying 1 resource
2020-05-16 15:23:02,112 [Worker-48] INFO  o.e.m.c.i.embedder.EclipseLogger - Copying 0 resource
2020-05-16 15:23:02,113 [Worker-48] INFO  o.e.m.c.i.embedder.EclipseLogger - Using 'UTF-8' encoding to copy filtered resources.
2020-05-16 15:23:02,113 [Worker-48] INFO  o.e.m.c.i.embedder.EclipseLogger - skip non existing resourceDirectory D:\springBootMongoExample\mongoclientExample\src\test\resources
2020-05-16 15:23:09,846 [Worker-52] INFO  o.e.m.c.i.embedder.EclipseLogger - Using 'UTF-8' encoding to copy filtered resources.
2020-05-16 15:23:09,847 [Worker-52] INFO  o.e.m.c.i.embedder.EclipseLogger - Copying 1 resource
2020-05-16 15:23:09,852 [Worker-52] INFO  o.e.m.c.i.embedder.EclipseLogger - Copying 0 resource
2020-05-16 15:23:09,856 [Worker-52] INFO  o.e.m.c.i.embedder.EclipseLogger - Using 'UTF-8' encoding to copy filtered resources.
2020-05-16 15:23:09,857 [Worker-52] INFO  o.e.m.c.i.embedder.EclipseLogger - skip non existing resourceDirectory D:\springBootMongoExample\mongoclientExample\src\test\resources
2020-05-16 15:27:41,242 [Worker-55] INFO  o.e.m.c.i.embedder.EclipseLogger - Using 'UTF-8' encoding to copy filtered resources.
2020-05-16 15:27:41,264 [Worker-55] INFO  o.e.m.c.i.embedder.EclipseLogger - Copying 1 resource
2020-05-16 15:27:41,272 [Worker-55] INFO  o.e.m.c.i.embedder.EclipseLogger - Copying 0 resource
2020-05-16 15:27:41,368 [Worker-55] INFO  o.e.m.c.i.embedder.EclipseLogger - Using 'UTF-8' encoding to copy filtered resources.
2020-05-16 15:27:41,369 [Worker-55] INFO  o.e.m.c.i.embedder.EclipseLogger - skip non existing resourceDirectory D:\springBootMongoExample\mongoclientExample\src\test\resources
2020-05-16 15:34:16,512 [Worker-51] INFO  o.e.m.c.i.embedder.EclipseLogger - Using 'UTF-8' encoding to copy filtered resources.
2020-05-16 15:34:16,513 [Worker-51] INFO  o.e.m.c.i.embedder.EclipseLogger - Copying 1 resource
2020-05-16 15:34:16,516 [Worker-51] INFO  o.e.m.c.i.embedder.EclipseLogger - Copying 0 resource
2020-05-16 15:34:16,518 [Worker-51] INFO  o.e.m.c.i.embedder.EclipseLogger - Using 'UTF-8' encoding to copy filtered resources.
2020-05-16 15:34:16,519 [Worker-51] INFO  o.e.m.c.i.embedder.EclipseLogger - skip non existing resourceDirectory D:\springBootMongoExample\mongoclientExample\src\test\resources
2020-05-16 15:35:41,354 [Worker-54] INFO  o.e.m.c.i.embedder.EclipseLogger - Using 'UTF-8' encoding to copy filtered resources.
2020-05-16 15:35:41,354 [Worker-54] INFO  o.e.m.c.i.embedder.EclipseLogger - Copying 1 resource
2020-05-16 15:35:41,356 [Worker-54] INFO  o.e.m.c.i.embedder.EclipseLogger - Copying 0 resource
2020-05-16 15:35:41,358 [Worker-54] INFO  o.e.m.c.i.embedder.EclipseLogger - Using 'UTF-8' encoding to copy filtered resources.
2020-05-16 15:35:41,358 [Worker-54] INFO  o.e.m.c.i.embedder.EclipseLogger - skip non existing resourceDirectory D:\springBootMongoExample\mongoclientExample\src\test\resources
2020-05-16 15:36:13,959 [Worker-54] INFO  o.e.m.c.i.embedder.EclipseLogger - Using 'UTF-8' encoding to copy filtered resources.
2020-05-16 15:36:13,960 [Worker-54] INFO  o.e.m.c.i.embedder.EclipseLogger - Copying 1 resource
2020-05-16 15:36:13,963 [Worker-54] INFO  o.e.m.c.i.embedder.EclipseLogger - Copying 0 resource
2020-05-16 15:36:13,966 [Worker-54] INFO  o.e.m.c.i.embedder.EclipseLogger - Using 'UTF-8' encoding to copy filtered resources.
2020-05-16 15:36:13,966 [Worker-54] INFO  o.e.m.c.i.embedder.EclipseLogger - skip non existing resourceDirectory D:\springBootMongoExample\mongoclientExample\src\test\resources
2020-05-16 15:36:23,865 [Worker-51] INFO  o.e.m.c.i.embedder.EclipseLogger - Using 'UTF-8' encoding to copy filtered resources.
2020-05-16 15:36:23,866 [Worker-51] INFO  o.e.m.c.i.embedder.EclipseLogger - Copying 1 resource
2020-05-16 15:36:23,870 [Worker-51] INFO  o.e.m.c.i.embedder.EclipseLogger - Copying 0 resource
2020-05-16 15:36:23,872 [Worker-51] INFO  o.e.m.c.i.embedder.EclipseLogger - Using 'UTF-8' encoding to copy filtered resources.
2020-05-16 15:36:23,872 [Worker-51] INFO  o.e.m.c.i.embedder.EclipseLogger - skip non existing resourceDirectory D:\springBootMongoExample\mongoclientExample\src\test\resources
2020-05-16 16:06:57,970 [Worker-60] INFO  o.e.m.c.i.embedder.EclipseLogger - Using 'UTF-8' encoding to copy filtered resources.
2020-05-16 16:06:57,971 [Worker-60] INFO  o.e.m.c.i.embedder.EclipseLogger - Copying 1 resource
2020-05-16 16:06:57,976 [Worker-60] INFO  o.e.m.c.i.embedder.EclipseLogger - Copying 0 resource
2020-05-16 16:06:57,978 [Worker-60] INFO  o.e.m.c.i.embedder.EclipseLogger - Using 'UTF-8' encoding to copy filtered resources.
2020-05-16 16:06:57,978 [Worker-60] INFO  o.e.m.c.i.embedder.EclipseLogger - skip non existing resourceDirectory D:\springBootMongoExample\mongoclientExample\src\test\resources
2020-05-16 16:08:03,868 [Worker-67] INFO  o.e.m.c.i.embedder.EclipseLogger - Using 'UTF-8' encoding to copy filtered resources.
2020-05-16 16:08:03,869 [Worker-67] INFO  o.e.m.c.i.embedder.EclipseLogger - Copying 1 resource
2020-05-16 16:08:03,872 [Worker-67] INFO  o.e.m.c.i.embedder.EclipseLogger - Copying 0 resource
2020-05-16 16:08:03,874 [Worker-67] INFO  o.e.m.c.i.embedder.EclipseLogger - Using 'UTF-8' encoding to copy filtered resources.
2020-05-16 16:08:03,874 [Worker-67] INFO  o.e.m.c.i.embedder.EclipseLogger - skip non existing resourceDirectory D:\springBootMongoExample\mongoclientExample\src\test\resources
2020-05-16 16:08:38,279 [Worker-67] INFO  o.e.m.c.i.embedder.EclipseLogger - Using 'UTF-8' encoding to copy filtered resources.
2020-05-16 16:08:38,279 [Worker-67] INFO  o.e.m.c.i.embedder.EclipseLogger - Copying 1 resource
2020-05-16 16:08:38,281 [Worker-67] INFO  o.e.m.c.i.embedder.EclipseLogger - Copying 0 resource
2020-05-16 16:08:38,284 [Worker-67] INFO  o.e.m.c.i.embedder.EclipseLogger - Using 'UTF-8' encoding to copy filtered resources.
2020-05-16 16:08:38,284 [Worker-67] INFO  o.e.m.c.i.embedder.EclipseLogger - skip non existing resourceDirectory D:\springBootMongoExample\mongoclientExample\src\test\resources
2020-05-16 16:11:12,589 [Worker-63] INFO  o.e.m.c.i.embedder.EclipseLogger - Using 'UTF-8' encoding to copy filtered resources.
2020-05-16 16:11:12,590 [Worker-63] INFO  o.e.m.c.i.embedder.EclipseLogger - Copying 1 resource
2020-05-16 16:11:12,635 [Worker-63] INFO  o.e.m.c.i.embedder.EclipseLogger - Copying 0 resource
2020-05-16 16:11:12,641 [Worker-63] INFO  o.e.m.c.i.embedder.EclipseLogger - Using 'UTF-8' encoding to copy filtered resources.
2020-05-16 16:11:12,641 [Worker-63] INFO  o.e.m.c.i.embedder.EclipseLogger - skip non existing resourceDirectory D:\springBootMongoExample\mongoclientExample\src\test\resources
2020-05-16 16:16:40,578 [Worker-60] INFO  o.e.m.c.i.embedder.EclipseLogger - Using 'UTF-8' encoding to copy filtered resources.
2020-05-16 16:16:40,579 [Worker-60] INFO  o.e.m.c.i.embedder.EclipseLogger - Copying 1 resource
2020-05-16 16:16:40,584 [Worker-60] INFO  o.e.m.c.i.embedder.EclipseLogger - Copying 0 resource
2020-05-16 16:16:40,586 [Worker-60] INFO  o.e.m.c.i.embedder.EclipseLogger - Using 'UTF-8' encoding to copy filtered resources.
2020-05-16 16:16:40,586 [Worker-60] INFO  o.e.m.c.i.embedder.EclipseLogger - skip non existing resourceDirectory D:\springBootMongoExample\mongoclientExample\src\test\resources
2020-05-16 16:18:00,724 [Worker-71] INFO  o.e.m.c.i.embedder.EclipseLogger - Using 'UTF-8' encoding to copy filtered resources.
2020-05-16 16:18:00,725 [Worker-71] INFO  o.e.m.c.i.embedder.EclipseLogger - Copying 1 resource
2020-05-16 16:18:00,731 [Worker-71] INFO  o.e.m.c.i.embedder.EclipseLogger - Copying 0 resource
2020-05-16 16:18:00,735 [Worker-71] INFO  o.e.m.c.i.embedder.EclipseLogger - Using 'UTF-8' encoding to copy filtered resources.
2020-05-16 16:18:00,736 [Worker-71] INFO  o.e.m.c.i.embedder.EclipseLogger - skip non existing resourceDirectory D:\springBootMongoExample\mongoclientExample\src\test\resources
2020-05-16 16:18:04,290 [Worker-60] INFO  o.e.m.c.i.embedder.EclipseLogger - Using 'UTF-8' encoding to copy filtered resources.
2020-05-16 16:18:04,291 [Worker-60] INFO  o.e.m.c.i.embedder.EclipseLogger - Copying 1 resource
2020-05-16 16:18:04,297 [Worker-60] INFO  o.e.m.c.i.embedder.EclipseLogger - Copying 0 resource
2020-05-16 16:18:04,305 [Worker-60] INFO  o.e.m.c.i.embedder.EclipseLogger - Using 'UTF-8' encoding to copy filtered resources.
2020-05-16 16:18:04,305 [Worker-60] INFO  o.e.m.c.i.embedder.EclipseLogger - skip non existing resourceDirectory D:\springBootMongoExample\mongoclientExample\src\test\resources
2020-05-16 16:18:54,998 [Worker-65] INFO  o.e.m.c.i.embedder.EclipseLogger - Using 'UTF-8' encoding to copy filtered resources.
2020-05-16 16:18:55,001 [Worker-65] INFO  o.e.m.c.i.embedder.EclipseLogger - Copying 1 resource
2020-05-16 16:18:55,010 [Worker-65] INFO  o.e.m.c.i.embedder.EclipseLogger - Copying 0 resource
2020-05-16 16:18:55,018 [Worker-65] INFO  o.e.m.c.i.embedder.EclipseLogger - Using 'UTF-8' encoding to copy filtered resources.
2020-05-16 16:18:55,018 [Worker-65] INFO  o.e.m.c.i.embedder.EclipseLogger - skip non existing resourceDirectory D:\springBootMongoExample\mongoclientExample\src\test\resources
2020-05-16 16:19:13,625 [Worker-57] INFO  o.e.m.c.i.embedder.EclipseLogger - Using 'UTF-8' encoding to copy filtered resources.
2020-05-16 16:19:13,626 [Worker-57] INFO  o.e.m.c.i.embedder.EclipseLogger - Copying 1 resource
2020-05-16 16:19:13,628 [Worker-57] INFO  o.e.m.c.i.embedder.EclipseLogger - Copying 0 resource
2020-05-16 16:19:13,629 [Worker-57] INFO  o.e.m.c.i.embedder.EclipseLogger - Using 'UTF-8' encoding to copy filtered resources.
2020-05-16 16:19:13,629 [Worker-57] INFO  o.e.m.c.i.embedder.EclipseLogger - skip non existing resourceDirectory D:\springBootMongoExample\mongoclientExample\src\test\resources
2020-05-16 19:14:31,865 [Worker-122] INFO  o.e.m.c.i.embedder.EclipseLogger - Using 'UTF-8' encoding to copy filtered resources.
2020-05-16 19:14:32,082 [Worker-122] INFO  o.e.m.c.i.embedder.EclipseLogger - Copying 1 resource
2020-05-16 19:14:32,105 [Worker-122] INFO  o.e.m.c.i.embedder.EclipseLogger - Copying 0 resource
2020-05-16 19:14:32,606 [Worker-122] INFO  o.e.m.c.i.embedder.EclipseLogger - Using 'UTF-8' encoding to copy filtered resources.
2020-05-16 19:14:32,607 [Worker-122] INFO  o.e.m.c.i.embedder.EclipseLogger - skip non existing resourceDirectory D:\springBootMongoExample\mongoclientExample\src\test\resources
2020-05-17 01:34:52,253 [Worker-231] INFO  o.e.m.c.i.embedder.EclipseLogger - Using 'UTF-8' encoding to copy filtered resources.
2020-05-17 01:34:54,363 [Worker-231] INFO  o.e.m.c.i.embedder.EclipseLogger - Copying 1 resource
2020-05-17 01:34:54,700 [Worker-231] INFO  o.e.m.c.i.embedder.EclipseLogger - Copying 0 resource
2020-05-17 01:34:54,741 [Worker-231] INFO  o.e.m.c.i.embedder.EclipseLogger - Using 'UTF-8' encoding to copy filtered resources.
2020-05-17 01:34:54,742 [Worker-231] INFO  o.e.m.c.i.embedder.EclipseLogger - skip non existing resourceDirectory D:\springBootMongoExample\mongoclientExample\src\test\resources
